Login Attempt: Manoj@gmail.com | Password: manoj123
Login Attempt: Manoj@gmail.com | Password: manoj123
Login Attempt: admin@nagarbhavibrigades.com | Password: admin123
Login Attempt: Manoj@gmail.com | Password: manoj123
Login Attempt: Manoj@gmail.com | Password: manoj123
Login Attempt: rahul@gmail.com | Password: rahul123
Login Attempt: Rahul@gmail.com | Password: rahul123
Login Attempt: Rahul@gmail.com | Password: rahul123
Login Attempt: rahul@gmail.com | Password: rahul123
Login Attempt: Rahul@gmail.com | Password: rahul123
Login Attempt: Rahul@gmail.com | Password: rahul123
Login Attempt: Rahul@gmail.com | Password: rahul123
Login Attempt: Rahul@gmail.com | Password: Rahul123
Login Attempt: rahul@gmail.com | Password: Rahul123
Login Attempt: rahul@gmail.com | Password: rahul123
Login Attempt: Rahul@gmail.com | Password: rahul123
Login Attempt: Rahul@gmail.com | Password: rahul123
Login Attempt: Manoj@gmail.com | Password: manoj123
Login Attempt: Manoj@gmail.com | Password: manoj123
Login Attempt: admin@nagarbhavibrigades.com | Password: admin123
Login Attempt: admin@nagarbhavibrigades.com | Password: admin123
Login Attempt: admin@nagarbhavibrigades.com | Password: admin123
Login Attempt: admin@nagarbhavibrigades.com | Password: admin123
Login Attempt: Manoj@gmail.com | Password: manoj123
Login Attempt: Manoj@gmail.com | Password: manoj123
Login Attempt: Rahul@gmail.com | Password: rahul123
Login Attempt: Rahul@gmail.com | Password: rahul123
